2024-09-11T06:30:36.949+05:30  INFO 2664 --- [restartedMain] com.airbnb.BnbApplication                : Starting BnbApplication using Java 17.0.10 with PID 2664 (D:\Intellij\bnb\target\classes started by admin in D:\Intellij\bnb)
2024-09-11T06:30:36.955+05:30  INFO 2664 --- [restartedMain] com.airbnb.BnbApplication                : No active profile set, falling back to 1 default profile: "default"
2024-09-11T06:30:37.094+05:30  INFO 2664 --- [restartedMain] o.s.b.devtools.restart.ChangeableUrls    : The Class-Path manifest attribute in C:\Users\admin\.m2\repository\com\sun\xml\bind\jaxb-impl\4.0.1\jaxb-impl-4.0.1.jar referenced one or more files that do not exist: file:/C:/Users/admin/.m2/repository/com/sun/xml/bind/jaxb-impl/4.0.1/jaxb-core.jar,file:/C:/Users/admin/.m2/repository/com/sun/xml/bind/jaxb-impl/4.0.1/angus-activation.jar
2024-09-11T06:30:37.096+05:30  INFO 2664 --- [restartedMain] o.s.b.devtools.restart.ChangeableUrls    : The Class-Path manifest attribute in C:\Users\admin\.m2\repository\com\sun\xml\bind\jaxb-core\4.0.1\jaxb-core-4.0.1.jar referenced one or more files that do not exist: file:/C:/Users/admin/.m2/repository/com/sun/xml/bind/jaxb-core/4.0.1/jakarta.activation-api.jar,file:/C:/Users/admin/.m2/repository/com/sun/xml/bind/jaxb-core/4.0.1/jakarta.xml.bind-api.jar
2024-09-11T06:30:37.096+05:30  INFO 2664 --- [restartedMain] .e.DevToolsPropertyDefaultsPostProcessor : Devtools property defaults active! Set 'spring.devtools.add-properties' to 'false' to disable
2024-09-11T06:30:37.097+05:30  INFO 2664 --- [restartedMain] .e.DevToolsPropertyDefaultsPostProcessor : For additional web related logging consider setting the 'logging.level.web' property to 'DEBUG'
2024-09-11T06:30:38.609+05:30  INFO 2664 --- [restartedMain] .s.d.r.c.RepositoryConfigurationDelegate : Bootstrapping Spring Data JPA repositories in DEFAULT mode.
2024-09-11T06:30:38.823+05:30  INFO 2664 --- [restartedMain] .s.d.r.c.RepositoryConfigurationDelegate : Finished Spring Data repository scanning in 197 ms. Found 9 JPA repository interfaces.
2024-09-11T06:30:39.533+05:30  INFO 2664 --- [restartedMain] trationDelegate$BeanPostProcessorChecker : Bean 'org.springframework.ws.config.annotation.DelegatingWsConfiguration' of type [org.springframework.ws.config.annotation.DelegatingWsConfiguration$$SpringCGLIB$$0] is not eligible for getting processed by all BeanPostProcessors (for example: not eligible for auto-proxying)
2024-09-11T06:30:39.603+05:30  INFO 2664 --- [restartedMain] .w.s.a.s.AnnotationActionEndpointMapping : Supporting [WS-Addressing August 2004, WS-Addressing 1.0]
2024-09-11T06:30:40.361+05:30  INFO 2664 --- [restartedMain] o.s.b.w.embedded.tomcat.TomcatWebServer  : Tomcat initialized with port(s): 8080 (http)
2024-09-11T06:30:40.383+05:30  INFO 2664 --- [restartedMain] o.apache.catalina.core.StandardService   : Starting service [Tomcat]
2024-09-11T06:30:40.384+05:30  INFO 2664 --- [restartedMain] o.apache.catalina.core.StandardEngine    : Starting Servlet engine: [Apache Tomcat/10.1.1]
2024-09-11T06:30:40.534+05:30  INFO 2664 --- [restartedMain] o.a.c.c.C.[Tomcat].[localhost].[/]       : Initializing Spring embedded WebApplicationContext
2024-09-11T06:30:40.535+05:30  INFO 2664 --- [restartedMain] w.s.c.ServletWebServerApplicationContext : Root WebApplicationContext: initialization completed in 3435 ms
2024-09-11T06:30:40.846+05:30  INFO 2664 --- [restartedMain] o.hibernate.jpa.internal.util.LogHelper  : HHH000204: Processing PersistenceUnitInfo [name: default]
2024-09-11T06:30:40.952+05:30  INFO 2664 --- [restartedMain] org.hibernate.Version                    : HHH000412: Hibernate ORM core version 6.1.5.Final
2024-09-11T06:30:41.266+05:30  WARN 2664 --- [restartedMain] org.hibernate.orm.deprecation            : HHH90000021: Encountered deprecated setting [javax.persistence.sharedCache.mode], use [jakarta.persistence.sharedCache.mode] instead
2024-09-11T06:30:41.512+05:30  INFO 2664 --- [restartedMain] com.zaxxer.hikari.HikariDataSource       : HikariPool-1 - Starting...
2024-09-11T06:30:42.021+05:30  INFO 2664 --- [restartedMain] com.zaxxer.hikari.pool.HikariPool        : HikariPool-1 - Added connection com.mysql.cj.jdbc.ConnectionImpl@33103dd1
2024-09-11T06:30:42.023+05:30  INFO 2664 --- [restartedMain] com.zaxxer.hikari.HikariDataSource       : HikariPool-1 - Start completed.
2024-09-11T06:30:42.110+05:30  INFO 2664 --- [restartedMain] SQL dialect                              : HHH000400: Using dialect: org.hibernate.dialect.MySQLDialect
2024-09-11T06:30:43.976+05:30  INFO 2664 --- [restartedMain] o.h.e.t.j.p.i.JtaPlatformInitiator       : HHH000490: Using JtaPlatform implementation: [org.hibernate.engine.transaction.jta.platform.internal.NoJtaPlatform]
2024-09-11T06:30:43.990+05:30  INFO 2664 --- [restartedMain] j.LocalContainerEntityManagerFactoryBean : Initialized JPA EntityManagerFactory for persistence unit 'default'
2024-09-11T06:30:46.650+05:30  WARN 2664 --- [restartedMain] JpaBaseConfiguration$JpaWebConfiguration : spring.jpa.open-in-view is enabled by default. Therefore, database queries may be performed during view rendering. Explicitly configure spring.jpa.open-in-view to disable this warning
2024-09-11T06:30:46.708+05:30  WARN 2664 --- [restartedMain] .s.s.UserDetailsServiceAutoConfiguration : 

Using generated security password: 624f0075-34f1-4a2e-9f85-48550b879085

This generated password is for development use only. Your security configuration must be updated before running your application in production.

2024-09-11T06:30:46.896+05:30  INFO 2664 --- [restartedMain] o.s.s.web.DefaultSecurityFilterChain     : Will secure any request with [org.springframework.security.web.session.DisableEncodeUrlFilter@685ed806, org.springframework.security.web.context.request.async.WebAsyncManagerIntegrationFilter@d9de584, org.springframework.security.web.context.SecurityContextHolderFilter@4ff9e83, org.springframework.security.web.header.HeaderWriterFilter@4090e17b, org.springframework.security.web.authentication.logout.LogoutFilter@1aaba734, org.springframework.security.web.savedrequest.RequestCacheAwareFilter@c89de0d, org.springframework.security.web.servletapi.SecurityContextHolderAwareRequestFilter@807d8ed, org.springframework.security.web.authentication.AnonymousAuthenticationFilter@6e321dca, org.springframework.security.web.access.ExceptionTranslationFilter@286e5d5d, org.springframework.security.web.access.intercept.AuthorizationFilter@76d27e8f]
2024-09-11T06:30:47.551+05:30  INFO 2664 --- [restartedMain] o.s.b.d.a.OptionalLiveReloadServer       : LiveReload server is running on port 35729
2024-09-11T06:30:47.606+05:30  INFO 2664 --- [restartedMain] o.s.b.w.embedded.tomcat.TomcatWebServer  : Tomcat started on port(s): 8080 (http) with context path ''
2024-09-11T06:30:47.627+05:30  INFO 2664 --- [restartedMain] com.airbnb.BnbApplication                : Started BnbApplication in 11.585 seconds (process running for 12.677)
2024-09-11T06:30:53.634+05:30  INFO 2664 --- [http-nio-8080-exec-1] o.a.c.c.C.[Tomcat].[localhost].[/]       : Initializing Spring DispatcherServlet 'dispatcherServlet'
2024-09-11T06:30:53.636+05:30  INFO 2664 --- [http-nio-8080-exec-1] o.s.web.servlet.DispatcherServlet        : Initializing Servlet 'dispatcherServlet'
2024-09-11T06:30:53.639+05:30  INFO 2664 --- [http-nio-8080-exec-1] o.s.web.servlet.DispatcherServlet        : Completed initialization in 3 ms
2024-09-11T06:30:54.554+05:30  INFO 2664 --- [http-nio-8080-exec-1] c.airbnb.controller.BookingController    : pdf generatingWed Sep 11 06:30:54 IST 2024
2024-09-11T06:30:54.860+05:30  INFO 2664 --- [http-nio-8080-exec-1] c.airbnb.controller.BookingController    : Email SendingWed Sep 11 06:30:54 IST 2024
2024-09-11T06:30:59.983+05:30  INFO 2664 --- [http-nio-8080-exec-1] c.airbnb.controller.BookingController    : Sms SendingWed Sep 11 06:30:59 IST 2024
2024-09-11T06:31:01.369+05:30  INFO 2664 --- [http-nio-8080-exec-1] c.airbnb.controller.BookingController    : Whatsapp SendingWed Sep 11 06:31:01 IST 2024
2024-09-11T06:34:52.331+05:30  INFO 2664 --- [SpringApplicationShutdownHook] j.LocalContainerEntityManagerFactoryBean : Closing JPA EntityManagerFactory for persistence unit 'default'
2024-09-11T06:34:52.344+05:30  INFO 2664 --- [SpringApplicationShutdownHook] com.zaxxer.hikari.HikariDataSource       : HikariPool-1 - Shutdown initiated...
2024-09-11T06:34:52.372+05:30  INFO 2664 --- [SpringApplicationShutdownHook] com.zaxxer.hikari.HikariDataSource       : HikariPool-1 - Shutdown completed.
2024-09-11T06:34:56.081+05:30  INFO 13784 --- [restartedMain] com.airbnb.BnbApplication                : Starting BnbApplication using Java 17.0.10 with PID 13784 (D:\Intellij\bnb\target\classes started by admin in D:\Intellij\bnb)
2024-09-11T06:34:56.085+05:30  INFO 13784 --- [restartedMain] com.airbnb.BnbApplication                : No active profile set, falling back to 1 default profile: "default"
2024-09-11T06:34:56.212+05:30  INFO 13784 --- [restartedMain] o.s.b.devtools.restart.ChangeableUrls    : The Class-Path manifest attribute in C:\Users\admin\.m2\repository\com\sun\xml\bind\jaxb-impl\4.0.1\jaxb-impl-4.0.1.jar referenced one or more files that do not exist: file:/C:/Users/admin/.m2/repository/com/sun/xml/bind/jaxb-impl/4.0.1/jaxb-core.jar,file:/C:/Users/admin/.m2/repository/com/sun/xml/bind/jaxb-impl/4.0.1/angus-activation.jar
2024-09-11T06:34:56.213+05:30  INFO 13784 --- [restartedMain] o.s.b.devtools.restart.ChangeableUrls    : The Class-Path manifest attribute in C:\Users\admin\.m2\repository\com\sun\xml\bind\jaxb-core\4.0.1\jaxb-core-4.0.1.jar referenced one or more files that do not exist: file:/C:/Users/admin/.m2/repository/com/sun/xml/bind/jaxb-core/4.0.1/jakarta.activation-api.jar,file:/C:/Users/admin/.m2/repository/com/sun/xml/bind/jaxb-core/4.0.1/jakarta.xml.bind-api.jar
2024-09-11T06:34:56.213+05:30  INFO 13784 --- [restartedMain] .e.DevToolsPropertyDefaultsPostProcessor : Devtools property defaults active! Set 'spring.devtools.add-properties' to 'false' to disable
2024-09-11T06:34:56.213+05:30  INFO 13784 --- [restartedMain] .e.DevToolsPropertyDefaultsPostProcessor : For additional web related logging consider setting the 'logging.level.web' property to 'DEBUG'
2024-09-11T06:34:57.691+05:30  INFO 13784 --- [restartedMain] .s.d.r.c.RepositoryConfigurationDelegate : Bootstrapping Spring Data JPA repositories in DEFAULT mode.
2024-09-11T06:34:57.902+05:30  INFO 13784 --- [restartedMain] .s.d.r.c.RepositoryConfigurationDelegate : Finished Spring Data repository scanning in 193 ms. Found 9 JPA repository interfaces.
2024-09-11T06:34:58.617+05:30  INFO 13784 --- [restartedMain] trationDelegate$BeanPostProcessorChecker : Bean 'org.springframework.ws.config.annotation.DelegatingWsConfiguration' of type [org.springframework.ws.config.annotation.DelegatingWsConfiguration$$SpringCGLIB$$0] is not eligible for getting processed by all BeanPostProcessors (for example: not eligible for auto-proxying)
2024-09-11T06:34:58.695+05:30  INFO 13784 --- [restartedMain] .w.s.a.s.AnnotationActionEndpointMapping : Supporting [WS-Addressing August 2004, WS-Addressing 1.0]
2024-09-11T06:34:59.451+05:30  INFO 13784 --- [restartedMain] o.s.b.w.embedded.tomcat.TomcatWebServer  : Tomcat initialized with port(s): 8080 (http)
2024-09-11T06:34:59.489+05:30  INFO 13784 --- [restartedMain] o.apache.catalina.core.StandardService   : Starting service [Tomcat]
2024-09-11T06:34:59.490+05:30  INFO 13784 --- [restartedMain] o.apache.catalina.core.StandardEngine    : Starting Servlet engine: [Apache Tomcat/10.1.1]
2024-09-11T06:34:59.624+05:30  INFO 13784 --- [restartedMain] o.a.c.c.C.[Tomcat].[localhost].[/]       : Initializing Spring embedded WebApplicationContext
2024-09-11T06:34:59.625+05:30  INFO 13784 --- [restartedMain] w.s.c.ServletWebServerApplicationContext : Root WebApplicationContext: initialization completed in 3411 ms
2024-09-11T06:34:59.908+05:30  INFO 13784 --- [restartedMain] o.hibernate.jpa.internal.util.LogHelper  : HHH000204: Processing PersistenceUnitInfo [name: default]
2024-09-11T06:35:00.014+05:30  INFO 13784 --- [restartedMain] org.hibernate.Version                    : HHH000412: Hibernate ORM core version 6.1.5.Final
2024-09-11T06:35:00.369+05:30  WARN 13784 --- [restartedMain] org.hibernate.orm.deprecation            : HHH90000021: Encountered deprecated setting [javax.persistence.sharedCache.mode], use [jakarta.persistence.sharedCache.mode] instead
2024-09-11T06:35:00.671+05:30  INFO 13784 --- [restartedMain] com.zaxxer.hikari.HikariDataSource       : HikariPool-1 - Starting...
2024-09-11T06:35:01.260+05:30  INFO 13784 --- [restartedMain] com.zaxxer.hikari.pool.HikariPool        : HikariPool-1 - Added connection com.mysql.cj.jdbc.ConnectionImpl@24c823c9
2024-09-11T06:35:01.264+05:30  INFO 13784 --- [restartedMain] com.zaxxer.hikari.HikariDataSource       : HikariPool-1 - Start completed.
2024-09-11T06:35:01.380+05:30  INFO 13784 --- [restartedMain] SQL dialect                              : HHH000400: Using dialect: org.hibernate.dialect.MySQLDialect
2024-09-11T06:35:03.514+05:30  INFO 13784 --- [restartedMain] o.h.e.t.j.p.i.JtaPlatformInitiator       : HHH000490: Using JtaPlatform implementation: [org.hibernate.engine.transaction.jta.platform.internal.NoJtaPlatform]
2024-09-11T06:35:03.528+05:30  INFO 13784 --- [restartedMain] j.LocalContainerEntityManagerFactoryBean : Initialized JPA EntityManagerFactory for persistence unit 'default'
2024-09-11T06:35:06.984+05:30  WARN 13784 --- [restartedMain] JpaBaseConfiguration$JpaWebConfiguration : spring.jpa.open-in-view is enabled by default. Therefore, database queries may be performed during view rendering. Explicitly configure spring.jpa.open-in-view to disable this warning
2024-09-11T06:35:07.064+05:30  WARN 13784 --- [restartedMain] .s.s.UserDetailsServiceAutoConfiguration : 

Using generated security password: ac9b1b35-dd24-42e0-9f6a-0c42c3186113

This generated password is for development use only. Your security configuration must be updated before running your application in production.

2024-09-11T06:35:07.260+05:30  INFO 13784 --- [restartedMain] o.s.s.web.DefaultSecurityFilterChain     : Will secure any request with [org.springframework.security.web.session.DisableEncodeUrlFilter@6f31cd55, org.springframework.security.web.context.request.async.WebAsyncManagerIntegrationFilter@bc5131b, org.springframework.security.web.context.SecurityContextHolderFilter@560fa206, org.springframework.security.web.header.HeaderWriterFilter@1ff810e3, org.springframework.security.web.authentication.logout.LogoutFilter@34a1dc60, org.springframework.security.web.savedrequest.RequestCacheAwareFilter@39b816cb, org.springframework.security.web.servletapi.SecurityContextHolderAwareRequestFilter@75a9741e, org.springframework.security.web.authentication.AnonymousAuthenticationFilter@157289e1, org.springframework.security.web.access.ExceptionTranslationFilter@541bfd49, org.springframework.security.web.access.intercept.AuthorizationFilter@18cf8bfb]
2024-09-11T06:35:08.093+05:30  INFO 13784 --- [restartedMain] o.s.b.d.a.OptionalLiveReloadServer       : LiveReload server is running on port 35729
2024-09-11T06:35:08.169+05:30  INFO 13784 --- [restartedMain] o.s.b.w.embedded.tomcat.TomcatWebServer  : Tomcat started on port(s): 8080 (http) with context path ''
2024-09-11T06:35:08.213+05:30  INFO 13784 --- [restartedMain] com.airbnb.BnbApplication                : Started BnbApplication in 13.034 seconds (process running for 14.078)
2024-09-11T06:35:22.224+05:30  INFO 13784 --- [http-nio-8080-exec-1] o.a.c.c.C.[Tomcat].[localhost].[/]       : Initializing Spring DispatcherServlet 'dispatcherServlet'
2024-09-11T06:35:22.225+05:30  INFO 13784 --- [http-nio-8080-exec-1] o.s.web.servlet.DispatcherServlet        : Initializing Servlet 'dispatcherServlet'
2024-09-11T06:35:22.228+05:30  INFO 13784 --- [http-nio-8080-exec-1] o.s.web.servlet.DispatcherServlet        : Completed initialization in 2 ms
2024-09-11T06:35:23.104+05:30  INFO 13784 --- [http-nio-8080-exec-1] c.airbnb.controller.BookingController    : pdf generatingWed Sep 11 06:35:23 IST 2024
2024-09-11T06:35:23.358+05:30  INFO 13784 --- [http-nio-8080-exec-1] c.airbnb.controller.BookingController    : Email SendingWed Sep 11 06:35:23 IST 2024
2024-09-11T06:35:28.254+05:30  INFO 13784 --- [http-nio-8080-exec-1] c.airbnb.controller.BookingController    : Sms SendingWed Sep 11 06:35:28 IST 2024
2024-09-11T06:35:29.684+05:30  INFO 13784 --- [http-nio-8080-exec-1] c.airbnb.controller.BookingController    : Whatsapp SendingWed Sep 11 06:35:29 IST 2024
2024-09-11T06:37:53.718+05:30  INFO 13784 --- [SpringApplicationShutdownHook] j.LocalContainerEntityManagerFactoryBean : Closing JPA EntityManagerFactory for persistence unit 'default'
2024-09-11T06:37:53.724+05:30  INFO 13784 --- [SpringApplicationShutdownHook] com.zaxxer.hikari.HikariDataSource       : HikariPool-1 - Shutdown initiated...
2024-09-11T06:37:53.737+05:30  INFO 13784 --- [SpringApplicationShutdownHook] com.zaxxer.hikari.HikariDataSource       : HikariPool-1 - Shutdown completed.
2024-09-11T06:38:01.308+05:30  INFO 7968 --- [restartedMain] com.airbnb.BnbApplication                : Starting BnbApplication using Java 17.0.10 with PID 7968 (D:\Intellij\bnb\target\classes started by admin in D:\Intellij\bnb)
2024-09-11T06:38:01.312+05:30  INFO 7968 --- [restartedMain] com.airbnb.BnbApplication                : No active profile set, falling back to 1 default profile: "default"
2024-09-11T06:38:01.432+05:30  INFO 7968 --- [restartedMain] o.s.b.devtools.restart.ChangeableUrls    : The Class-Path manifest attribute in C:\Users\admin\.m2\repository\com\sun\xml\bind\jaxb-impl\4.0.1\jaxb-impl-4.0.1.jar referenced one or more files that do not exist: file:/C:/Users/admin/.m2/repository/com/sun/xml/bind/jaxb-impl/4.0.1/jaxb-core.jar,file:/C:/Users/admin/.m2/repository/com/sun/xml/bind/jaxb-impl/4.0.1/angus-activation.jar
2024-09-11T06:38:01.433+05:30  INFO 7968 --- [restartedMain] o.s.b.devtools.restart.ChangeableUrls    : The Class-Path manifest attribute in C:\Users\admin\.m2\repository\com\sun\xml\bind\jaxb-core\4.0.1\jaxb-core-4.0.1.jar referenced one or more files that do not exist: file:/C:/Users/admin/.m2/repository/com/sun/xml/bind/jaxb-core/4.0.1/jakarta.activation-api.jar,file:/C:/Users/admin/.m2/repository/com/sun/xml/bind/jaxb-core/4.0.1/jakarta.xml.bind-api.jar
2024-09-11T06:38:01.433+05:30  INFO 7968 --- [restartedMain] .e.DevToolsPropertyDefaultsPostProcessor : Devtools property defaults active! Set 'spring.devtools.add-properties' to 'false' to disable
2024-09-11T06:38:01.434+05:30  INFO 7968 --- [restartedMain] .e.DevToolsPropertyDefaultsPostProcessor : For additional web related logging consider setting the 'logging.level.web' property to 'DEBUG'
2024-09-11T06:38:02.899+05:30  INFO 7968 --- [restartedMain] .s.d.r.c.RepositoryConfigurationDelegate : Bootstrapping Spring Data JPA repositories in DEFAULT mode.
2024-09-11T06:38:03.143+05:30  INFO 7968 --- [restartedMain] .s.d.r.c.RepositoryConfigurationDelegate : Finished Spring Data repository scanning in 226 ms. Found 9 JPA repository interfaces.
2024-09-11T06:38:03.835+05:30  INFO 7968 --- [restartedMain] trationDelegate$BeanPostProcessorChecker : Bean 'org.springframework.ws.config.annotation.DelegatingWsConfiguration' of type [org.springframework.ws.config.annotation.DelegatingWsConfiguration$$SpringCGLIB$$0] is not eligible for getting processed by all BeanPostProcessors (for example: not eligible for auto-proxying)
2024-09-11T06:38:03.909+05:30  INFO 7968 --- [restartedMain] .w.s.a.s.AnnotationActionEndpointMapping : Supporting [WS-Addressing August 2004, WS-Addressing 1.0]
2024-09-11T06:38:04.648+05:30  INFO 7968 --- [restartedMain] o.s.b.w.embedded.tomcat.TomcatWebServer  : Tomcat initialized with port(s): 8080 (http)
2024-09-11T06:38:04.667+05:30  INFO 7968 --- [restartedMain] o.apache.catalina.core.StandardService   : Starting service [Tomcat]
2024-09-11T06:38:04.667+05:30  INFO 7968 --- [restartedMain] o.apache.catalina.core.StandardEngine    : Starting Servlet engine: [Apache Tomcat/10.1.1]
2024-09-11T06:38:04.802+05:30  INFO 7968 --- [restartedMain] o.a.c.c.C.[Tomcat].[localhost].[/]       : Initializing Spring embedded WebApplicationContext
2024-09-11T06:38:04.803+05:30  INFO 7968 --- [restartedMain] w.s.c.ServletWebServerApplicationContext : Root WebApplicationContext: initialization completed in 3366 ms
2024-09-11T06:38:05.111+05:30  INFO 7968 --- [restartedMain] o.hibernate.jpa.internal.util.LogHelper  : HHH000204: Processing PersistenceUnitInfo [name: default]
2024-09-11T06:38:05.215+05:30  INFO 7968 --- [restartedMain] org.hibernate.Version                    : HHH000412: Hibernate ORM core version 6.1.5.Final
2024-09-11T06:38:05.525+05:30  WARN 7968 --- [restartedMain] org.hibernate.orm.deprecation            : HHH90000021: Encountered deprecated setting [javax.persistence.sharedCache.mode], use [jakarta.persistence.sharedCache.mode] instead
2024-09-11T06:38:05.780+05:30  INFO 7968 --- [restartedMain] com.zaxxer.hikari.HikariDataSource       : HikariPool-1 - Starting...
2024-09-11T06:38:06.304+05:30  INFO 7968 --- [restartedMain] com.zaxxer.hikari.pool.HikariPool        : HikariPool-1 - Added connection com.mysql.cj.jdbc.ConnectionImpl@24c823c9
2024-09-11T06:38:06.307+05:30  INFO 7968 --- [restartedMain] com.zaxxer.hikari.HikariDataSource       : HikariPool-1 - Start completed.
2024-09-11T06:38:06.381+05:30  INFO 7968 --- [restartedMain] SQL dialect                              : HHH000400: Using dialect: org.hibernate.dialect.MySQLDialect
2024-09-11T06:38:08.301+05:30  INFO 7968 --- [restartedMain] o.h.e.t.j.p.i.JtaPlatformInitiator       : HHH000490: Using JtaPlatform implementation: [org.hibernate.engine.transaction.jta.platform.internal.NoJtaPlatform]
2024-09-11T06:38:08.313+05:30  INFO 7968 --- [restartedMain] j.LocalContainerEntityManagerFactoryBean : Initialized JPA EntityManagerFactory for persistence unit 'default'
2024-09-11T06:38:11.232+05:30  WARN 7968 --- [restartedMain] JpaBaseConfiguration$JpaWebConfiguration : spring.jpa.open-in-view is enabled by default. Therefore, database queries may be performed during view rendering. Explicitly configure spring.jpa.open-in-view to disable this warning
2024-09-11T06:38:11.289+05:30  WARN 7968 --- [restartedMain] .s.s.UserDetailsServiceAutoConfiguration : 

Using generated security password: 765f2c85-6d5e-40cb-aa66-2194a210d4c0

This generated password is for development use only. Your security configuration must be updated before running your application in production.

2024-09-11T06:38:11.461+05:30  INFO 7968 --- [restartedMain] o.s.s.web.DefaultSecurityFilterChain     : Will secure any request with [org.springframework.security.web.session.DisableEncodeUrlFilter@70467e5c, org.springframework.security.web.context.request.async.WebAsyncManagerIntegrationFilter@74a6b29e, org.springframework.security.web.context.SecurityContextHolderFilter@5954d928, org.springframework.security.web.header.HeaderWriterFilter@532bcd36, org.springframework.security.web.authentication.logout.LogoutFilter@3cb29f5, org.springframework.security.web.savedrequest.RequestCacheAwareFilter@ac6f28a, org.springframework.security.web.servletapi.SecurityContextHolderAwareRequestFilter@560fa206, org.springframework.security.web.authentication.AnonymousAuthenticationFilter@e0f701f, org.springframework.security.web.access.ExceptionTranslationFilter@298167de, org.springframework.security.web.access.intercept.AuthorizationFilter@3a57c66c]
2024-09-11T06:38:12.265+05:30  INFO 7968 --- [restartedMain] o.s.b.d.a.OptionalLiveReloadServer       : LiveReload server is running on port 35729
2024-09-11T06:38:12.325+05:30  INFO 7968 --- [restartedMain] o.s.b.w.embedded.tomcat.TomcatWebServer  : Tomcat started on port(s): 8080 (http) with context path ''
2024-09-11T06:38:12.350+05:30  INFO 7968 --- [restartedMain] com.airbnb.BnbApplication                : Started BnbApplication in 11.951 seconds (process running for 12.969)
2024-09-11T06:38:29.018+05:30  INFO 7968 --- [http-nio-8080-exec-1] o.a.c.c.C.[Tomcat].[localhost].[/]       : Initializing Spring DispatcherServlet 'dispatcherServlet'
2024-09-11T06:38:29.020+05:30  INFO 7968 --- [http-nio-8080-exec-1] o.s.web.servlet.DispatcherServlet        : Initializing Servlet 'dispatcherServlet'
2024-09-11T06:38:29.023+05:30  INFO 7968 --- [http-nio-8080-exec-1] o.s.web.servlet.DispatcherServlet        : Completed initialization in 3 ms
2024-09-11T06:38:29.803+05:30  INFO 7968 --- [http-nio-8080-exec-1] c.airbnb.controller.BookingController    : pdf generatingWed Sep 11 06:38:29 IST 2024  
2024-09-11T06:38:30.060+05:30  INFO 7968 --- [http-nio-8080-exec-1] c.airbnb.controller.BookingController    : Email SendingWed Sep 11 06:38:30 IST 2024  
2024-09-11T06:38:34.378+05:30  INFO 7968 --- [http-nio-8080-exec-1] c.airbnb.controller.BookingController    : Sms SendingWed Sep 11 06:38:34 IST 2024  
2024-09-11T06:38:35.753+05:30  INFO 7968 --- [http-nio-8080-exec-1] c.airbnb.controller.BookingController    : Whatsapp SendingWed Sep 11 06:38:35 IST 2024  
2024-09-11T06:39:32.995+05:30  INFO 7968 --- [SpringApplicationShutdownHook] j.LocalContainerEntityManagerFactoryBean : Closing JPA EntityManagerFactory for persistence unit 'default'
2024-09-11T06:39:33.001+05:30  INFO 7968 --- [SpringApplicationShutdownHook] com.zaxxer.hikari.HikariDataSource       : HikariPool-1 - Shutdown initiated...
2024-09-11T06:39:33.012+05:30  INFO 7968 --- [SpringApplicationShutdownHook] com.zaxxer.hikari.HikariDataSource       : HikariPool-1 - Shutdown completed.
2024-09-11T06:39:39.907+05:30  INFO 14152 --- [restartedMain] com.airbnb.BnbApplication                : Starting BnbApplication using Java 17.0.10 with PID 14152 (D:\Intellij\bnb\target\classes started by admin in D:\Intellij\bnb)
2024-09-11T06:39:39.911+05:30  INFO 14152 --- [restartedMain] com.airbnb.BnbApplication                : No active profile set, falling back to 1 default profile: "default"
2024-09-11T06:39:40.022+05:30  INFO 14152 --- [restartedMain] o.s.b.devtools.restart.ChangeableUrls    : The Class-Path manifest attribute in C:\Users\admin\.m2\repository\com\sun\xml\bind\jaxb-impl\4.0.1\jaxb-impl-4.0.1.jar referenced one or more files that do not exist: file:/C:/Users/admin/.m2/repository/com/sun/xml/bind/jaxb-impl/4.0.1/jaxb-core.jar,file:/C:/Users/admin/.m2/repository/com/sun/xml/bind/jaxb-impl/4.0.1/angus-activation.jar
2024-09-11T06:39:40.023+05:30  INFO 14152 --- [restartedMain] o.s.b.devtools.restart.ChangeableUrls    : The Class-Path manifest attribute in C:\Users\admin\.m2\repository\com\sun\xml\bind\jaxb-core\4.0.1\jaxb-core-4.0.1.jar referenced one or more files that do not exist: file:/C:/Users/admin/.m2/repository/com/sun/xml/bind/jaxb-core/4.0.1/jakarta.activation-api.jar,file:/C:/Users/admin/.m2/repository/com/sun/xml/bind/jaxb-core/4.0.1/jakarta.xml.bind-api.jar
2024-09-11T06:39:40.023+05:30  INFO 14152 --- [restartedMain] .e.DevToolsPropertyDefaultsPostProcessor : Devtools property defaults active! Set 'spring.devtools.add-properties' to 'false' to disable
2024-09-11T06:39:40.023+05:30  INFO 14152 --- [restartedMain] .e.DevToolsPropertyDefaultsPostProcessor : For additional web related logging consider setting the 'logging.level.web' property to 'DEBUG'
2024-09-11T06:39:41.474+05:30  INFO 14152 --- [restartedMain] .s.d.r.c.RepositoryConfigurationDelegate : Bootstrapping Spring Data JPA repositories in DEFAULT mode.
2024-09-11T06:39:41.673+05:30  INFO 14152 --- [restartedMain] .s.d.r.c.RepositoryConfigurationDelegate : Finished Spring Data repository scanning in 183 ms. Found 9 JPA repository interfaces.
2024-09-11T06:39:42.385+05:30  INFO 14152 --- [restartedMain] trationDelegate$BeanPostProcessorChecker : Bean 'org.springframework.ws.config.annotation.DelegatingWsConfiguration' of type [org.springframework.ws.config.annotation.DelegatingWsConfiguration$$SpringCGLIB$$0] is not eligible for getting processed by all BeanPostProcessors (for example: not eligible for auto-proxying)
2024-09-11T06:39:42.456+05:30  INFO 14152 --- [restartedMain] .w.s.a.s.AnnotationActionEndpointMapping : Supporting [WS-Addressing August 2004, WS-Addressing 1.0]
2024-09-11T06:39:43.332+05:30  INFO 14152 --- [restartedMain] o.s.b.w.embedded.tomcat.TomcatWebServer  : Tomcat initialized with port(s): 8080 (http)
2024-09-11T06:39:43.359+05:30  INFO 14152 --- [restartedMain] o.apache.catalina.core.StandardService   : Starting service [Tomcat]
2024-09-11T06:39:43.361+05:30  INFO 14152 --- [restartedMain] o.apache.catalina.core.StandardEngine    : Starting Servlet engine: [Apache Tomcat/10.1.1]
2024-09-11T06:39:43.559+05:30  INFO 14152 --- [restartedMain] o.a.c.c.C.[Tomcat].[localhost].[/]       : Initializing Spring embedded WebApplicationContext
2024-09-11T06:39:43.560+05:30  INFO 14152 --- [restartedMain] w.s.c.ServletWebServerApplicationContext : Root WebApplicationContext: initialization completed in 3535 ms
2024-09-11T06:39:43.843+05:30  INFO 14152 --- [restartedMain] o.hibernate.jpa.internal.util.LogHelper  : HHH000204: Processing PersistenceUnitInfo [name: default]
2024-09-11T06:39:43.965+05:30  INFO 14152 --- [restartedMain] org.hibernate.Version                    : HHH000412: Hibernate ORM core version 6.1.5.Final
2024-09-11T06:39:44.414+05:30  WARN 14152 --- [restartedMain] org.hibernate.orm.deprecation            : HHH90000021: Encountered deprecated setting [javax.persistence.sharedCache.mode], use [jakarta.persistence.sharedCache.mode] instead
2024-09-11T06:39:44.698+05:30  INFO 14152 --- [restartedMain] com.zaxxer.hikari.HikariDataSource       : HikariPool-1 - Starting...
2024-09-11T06:39:45.337+05:30  INFO 14152 --- [restartedMain] com.zaxxer.hikari.pool.HikariPool        : HikariPool-1 - Added connection com.mysql.cj.jdbc.ConnectionImpl@24c823c9
2024-09-11T06:39:45.339+05:30  INFO 14152 --- [restartedMain] com.zaxxer.hikari.HikariDataSource       : HikariPool-1 - Start completed.
2024-09-11T06:39:45.425+05:30  INFO 14152 --- [restartedMain] SQL dialect                              : HHH000400: Using dialect: org.hibernate.dialect.MySQLDialect
2024-09-11T06:39:47.204+05:30  INFO 14152 --- [restartedMain] o.h.e.t.j.p.i.JtaPlatformInitiator       : HHH000490: Using JtaPlatform implementation: [org.hibernate.engine.transaction.jta.platform.internal.NoJtaPlatform]
2024-09-11T06:39:47.217+05:30  INFO 14152 --- [restartedMain] j.LocalContainerEntityManagerFactoryBean : Initialized JPA EntityManagerFactory for persistence unit 'default'
2024-09-11T06:39:51.024+05:30  WARN 14152 --- [restartedMain] JpaBaseConfiguration$JpaWebConfiguration : spring.jpa.open-in-view is enabled by default. Therefore, database queries may be performed during view rendering. Explicitly configure spring.jpa.open-in-view to disable this warning
2024-09-11T06:39:51.073+05:30  WARN 14152 --- [restartedMain] .s.s.UserDetailsServiceAutoConfiguration : 

Using generated security password: b7a98dfe-bea4-4891-a863-ecbf618a4e38

This generated password is for development use only. Your security configuration must be updated before running your application in production.

2024-09-11T06:39:51.250+05:30  INFO 14152 --- [restartedMain] o.s.s.web.DefaultSecurityFilterChain     : Will secure any request with [org.springframework.security.web.session.DisableEncodeUrlFilter@70467e5c, org.springframework.security.web.context.request.async.WebAsyncManagerIntegrationFilter@74a6b29e, org.springframework.security.web.context.SecurityContextHolderFilter@5954d928, org.springframework.security.web.header.HeaderWriterFilter@532bcd36, org.springframework.security.web.authentication.logout.LogoutFilter@3cb29f5, org.springframework.security.web.savedrequest.RequestCacheAwareFilter@ac6f28a, org.springframework.security.web.servletapi.SecurityContextHolderAwareRequestFilter@560fa206, org.springframework.security.web.authentication.AnonymousAuthenticationFilter@e0f701f, org.springframework.security.web.access.ExceptionTranslationFilter@298167de, org.springframework.security.web.access.intercept.AuthorizationFilter@3a57c66c]
2024-09-11T06:39:52.209+05:30  INFO 14152 --- [restartedMain] o.s.b.d.a.OptionalLiveReloadServer       : LiveReload server is running on port 35729
2024-09-11T06:39:52.492+05:30  INFO 14152 --- [restartedMain] o.s.b.w.embedded.tomcat.TomcatWebServer  : Tomcat started on port(s): 8080 (http) with context path ''
2024-09-11T06:39:52.638+05:30  INFO 14152 --- [restartedMain] com.airbnb.BnbApplication                : Started BnbApplication in 13.634 seconds (process running for 14.64)
2024-09-11T06:39:54.447+05:30  INFO 14152 --- [SpringApplicationShutdownHook] j.LocalContainerEntityManagerFactoryBean : Closing JPA EntityManagerFactory for persistence unit 'default'
2024-09-11T06:39:54.453+05:30  INFO 14152 --- [SpringApplicationShutdownHook] com.zaxxer.hikari.HikariDataSource       : HikariPool-1 - Shutdown initiated...
2024-09-11T06:39:54.471+05:30  INFO 14152 --- [SpringApplicationShutdownHook] com.zaxxer.hikari.HikariDataSource       : HikariPool-1 - Shutdown completed.
2024-09-11T06:40:01.417+05:30  INFO 9392 --- [restartedMain] com.airbnb.BnbApplication                : Starting BnbApplication using Java 17.0.10 with PID 9392 (D:\Intellij\bnb\target\classes started by admin in D:\Intellij\bnb)
2024-09-11T06:40:01.423+05:30  INFO 9392 --- [restartedMain] com.airbnb.BnbApplication                : No active profile set, falling back to 1 default profile: "default"
2024-09-11T06:40:01.526+05:30  INFO 9392 --- [restartedMain] o.s.b.devtools.restart.ChangeableUrls    : The Class-Path manifest attribute in C:\Users\admin\.m2\repository\com\sun\xml\bind\jaxb-impl\4.0.1\jaxb-impl-4.0.1.jar referenced one or more files that do not exist: file:/C:/Users/admin/.m2/repository/com/sun/xml/bind/jaxb-impl/4.0.1/jaxb-core.jar,file:/C:/Users/admin/.m2/repository/com/sun/xml/bind/jaxb-impl/4.0.1/angus-activation.jar
2024-09-11T06:40:01.527+05:30  INFO 9392 --- [restartedMain] o.s.b.devtools.restart.ChangeableUrls    : The Class-Path manifest attribute in C:\Users\admin\.m2\repository\com\sun\xml\bind\jaxb-core\4.0.1\jaxb-core-4.0.1.jar referenced one or more files that do not exist: file:/C:/Users/admin/.m2/repository/com/sun/xml/bind/jaxb-core/4.0.1/jakarta.activation-api.jar,file:/C:/Users/admin/.m2/repository/com/sun/xml/bind/jaxb-core/4.0.1/jakarta.xml.bind-api.jar
2024-09-11T06:40:01.528+05:30  INFO 9392 --- [restartedMain] .e.DevToolsPropertyDefaultsPostProcessor : Devtools property defaults active! Set 'spring.devtools.add-properties' to 'false' to disable
2024-09-11T06:40:01.528+05:30  INFO 9392 --- [restartedMain] .e.DevToolsPropertyDefaultsPostProcessor : For additional web related logging consider setting the 'logging.level.web' property to 'DEBUG'
2024-09-11T06:40:02.980+05:30  INFO 9392 --- [restartedMain] .s.d.r.c.RepositoryConfigurationDelegate : Bootstrapping Spring Data JPA repositories in DEFAULT mode.
2024-09-11T06:40:03.200+05:30  INFO 9392 --- [restartedMain] .s.d.r.c.RepositoryConfigurationDelegate : Finished Spring Data repository scanning in 201 ms. Found 9 JPA repository interfaces.
2024-09-11T06:40:03.911+05:30  INFO 9392 --- [restartedMain] trationDelegate$BeanPostProcessorChecker : Bean 'org.springframework.ws.config.annotation.DelegatingWsConfiguration' of type [org.springframework.ws.config.annotation.DelegatingWsConfiguration$$SpringCGLIB$$0] is not eligible for getting processed by all BeanPostProcessors (for example: not eligible for auto-proxying)
2024-09-11T06:40:03.983+05:30  INFO 9392 --- [restartedMain] .w.s.a.s.AnnotationActionEndpointMapping : Supporting [WS-Addressing August 2004, WS-Addressing 1.0]
2024-09-11T06:40:04.721+05:30  INFO 9392 --- [restartedMain] o.s.b.w.embedded.tomcat.TomcatWebServer  : Tomcat initialized with port(s): 8080 (http)
2024-09-11T06:40:04.741+05:30  INFO 9392 --- [restartedMain] o.apache.catalina.core.StandardService   : Starting service [Tomcat]
2024-09-11T06:40:04.742+05:30  INFO 9392 --- [restartedMain] o.apache.catalina.core.StandardEngine    : Starting Servlet engine: [Apache Tomcat/10.1.1]
2024-09-11T06:40:04.892+05:30  INFO 9392 --- [restartedMain] o.a.c.c.C.[Tomcat].[localhost].[/]       : Initializing Spring embedded WebApplicationContext
2024-09-11T06:40:04.892+05:30  INFO 9392 --- [restartedMain] w.s.c.ServletWebServerApplicationContext : Root WebApplicationContext: initialization completed in 3363 ms
2024-09-11T06:40:05.174+05:30  INFO 9392 --- [restartedMain] o.hibernate.jpa.internal.util.LogHelper  : HHH000204: Processing PersistenceUnitInfo [name: default]
2024-09-11T06:40:05.277+05:30  INFO 9392 --- [restartedMain] org.hibernate.Version                    : HHH000412: Hibernate ORM core version 6.1.5.Final
2024-09-11T06:40:05.581+05:30  WARN 9392 --- [restartedMain] org.hibernate.orm.deprecation            : HHH90000021: Encountered deprecated setting [javax.persistence.sharedCache.mode], use [jakarta.persistence.sharedCache.mode] instead
2024-09-11T06:40:05.821+05:30  INFO 9392 --- [restartedMain] com.zaxxer.hikari.HikariDataSource       : HikariPool-1 - Starting...
2024-09-11T06:40:06.322+05:30  INFO 9392 --- [restartedMain] com.zaxxer.hikari.pool.HikariPool        : HikariPool-1 - Added connection com.mysql.cj.jdbc.ConnectionImpl@24c823c9
2024-09-11T06:40:06.324+05:30  INFO 9392 --- [restartedMain] com.zaxxer.hikari.HikariDataSource       : HikariPool-1 - Start completed.
2024-09-11T06:40:06.398+05:30  INFO 9392 --- [restartedMain] SQL dialect                              : HHH000400: Using dialect: org.hibernate.dialect.MySQLDialect
2024-09-11T06:40:08.326+05:30  INFO 9392 --- [restartedMain] o.h.e.t.j.p.i.JtaPlatformInitiator       : HHH000490: Using JtaPlatform implementation: [org.hibernate.engine.transaction.jta.platform.internal.NoJtaPlatform]
2024-09-11T06:40:08.340+05:30  INFO 9392 --- [restartedMain] j.LocalContainerEntityManagerFactoryBean : Initialized JPA EntityManagerFactory for persistence unit 'default'
2024-09-11T06:40:10.998+05:30  WARN 9392 --- [restartedMain] JpaBaseConfiguration$JpaWebConfiguration : spring.jpa.open-in-view is enabled by default. Therefore, database queries may be performed during view rendering. Explicitly configure spring.jpa.open-in-view to disable this warning
2024-09-11T06:40:11.056+05:30  WARN 9392 --- [restartedMain] .s.s.UserDetailsServiceAutoConfiguration : 

Using generated security password: d235345e-e927-4cbc-9087-b66825a04562

This generated password is for development use only. Your security configuration must be updated before running your application in production.

2024-09-11T06:40:11.234+05:30  INFO 9392 --- [restartedMain] o.s.s.web.DefaultSecurityFilterChain     : Will secure any request with [org.springframework.security.web.session.DisableEncodeUrlFilter@70467e5c, org.springframework.security.web.context.request.async.WebAsyncManagerIntegrationFilter@74a6b29e, org.springframework.security.web.context.SecurityContextHolderFilter@5954d928, org.springframework.security.web.header.HeaderWriterFilter@532bcd36, org.springframework.security.web.authentication.logout.LogoutFilter@3cb29f5, org.springframework.security.web.savedrequest.RequestCacheAwareFilter@ac6f28a, org.springframework.security.web.servletapi.SecurityContextHolderAwareRequestFilter@560fa206, org.springframework.security.web.authentication.AnonymousAuthenticationFilter@e0f701f, org.springframework.security.web.access.ExceptionTranslationFilter@298167de, org.springframework.security.web.access.intercept.AuthorizationFilter@3a57c66c]
2024-09-11T06:40:11.886+05:30  INFO 9392 --- [restartedMain] o.s.b.d.a.OptionalLiveReloadServer       : LiveReload server is running on port 35729
2024-09-11T06:40:11.944+05:30  INFO 9392 --- [restartedMain] o.s.b.w.embedded.tomcat.TomcatWebServer  : Tomcat started on port(s): 8080 (http) with context path ''
2024-09-11T06:40:11.962+05:30  INFO 9392 --- [restartedMain] com.airbnb.BnbApplication                : Started BnbApplication in 11.461 seconds (process running for 12.468)
2024-09-11T06:40:21.089+05:30  INFO 9392 --- [http-nio-8080-exec-1] o.a.c.c.C.[Tomcat].[localhost].[/]       : Initializing Spring DispatcherServlet 'dispatcherServlet'
2024-09-11T06:40:21.090+05:30  INFO 9392 --- [http-nio-8080-exec-1] o.s.web.servlet.DispatcherServlet        : Initializing Servlet 'dispatcherServlet'
2024-09-11T06:40:21.099+05:30  INFO 9392 --- [http-nio-8080-exec-1] o.s.web.servlet.DispatcherServlet        : Completed initialization in 6 ms
2024-09-11T06:40:21.921+05:30  INFO 9392 --- [http-nio-8080-exec-1] c.airbnb.controller.BookingController    : pdf generating  Wed Sep 11 06:40:21 IST 2024
2024-09-11T06:40:22.173+05:30  INFO 9392 --- [http-nio-8080-exec-1] c.airbnb.controller.BookingController    : Email Sending  Wed Sep 11 06:40:22 IST 2024  
2024-09-11T06:40:26.303+05:30  INFO 9392 --- [http-nio-8080-exec-1] c.airbnb.controller.BookingController    : Sms Sending  Wed Sep 11 06:40:26 IST 2024
2024-09-11T06:40:27.685+05:30  INFO 9392 --- [http-nio-8080-exec-1] c.airbnb.controller.BookingController    : Whatsapp Sending  Wed Sep 11 06:40:27 IST 2024
2024-09-11T06:42:01.830+05:30  INFO 9392 --- [SpringApplicationShutdownHook] j.LocalContainerEntityManagerFactoryBean : Closing JPA EntityManagerFactory for persistence unit 'default'
2024-09-11T06:42:01.834+05:30  INFO 9392 --- [SpringApplicationShutdownHook] com.zaxxer.hikari.HikariDataSource       : HikariPool-1 - Shutdown initiated...
2024-09-11T06:42:01.846+05:30  INFO 9392 --- [SpringApplicationShutdownHook] com.zaxxer.hikari.HikariDataSource       : HikariPool-1 - Shutdown completed.
2024-09-11T06:42:06.408+05:30  INFO 12944 --- [restartedMain] com.airbnb.BnbApplication                : Starting BnbApplication using Java 17.0.10 with PID 12944 (D:\Intellij\bnb\target\classes started by admin in D:\Intellij\bnb)
2024-09-11T06:42:06.416+05:30  INFO 12944 --- [restartedMain] com.airbnb.BnbApplication                : No active profile set, falling back to 1 default profile: "default"
2024-09-11T06:42:06.581+05:30  INFO 12944 --- [restartedMain] o.s.b.devtools.restart.ChangeableUrls    : The Class-Path manifest attribute in C:\Users\admin\.m2\repository\com\sun\xml\bind\jaxb-impl\4.0.1\jaxb-impl-4.0.1.jar referenced one or more files that do not exist: file:/C:/Users/admin/.m2/repository/com/sun/xml/bind/jaxb-impl/4.0.1/jaxb-core.jar,file:/C:/Users/admin/.m2/repository/com/sun/xml/bind/jaxb-impl/4.0.1/angus-activation.jar
2024-09-11T06:42:06.582+05:30  INFO 12944 --- [restartedMain] o.s.b.devtools.restart.ChangeableUrls    : The Class-Path manifest attribute in C:\Users\admin\.m2\repository\com\sun\xml\bind\jaxb-core\4.0.1\jaxb-core-4.0.1.jar referenced one or more files that do not exist: file:/C:/Users/admin/.m2/repository/com/sun/xml/bind/jaxb-core/4.0.1/jakarta.activation-api.jar,file:/C:/Users/admin/.m2/repository/com/sun/xml/bind/jaxb-core/4.0.1/jakarta.xml.bind-api.jar
2024-09-11T06:42:06.583+05:30  INFO 12944 --- [restartedMain] .e.DevToolsPropertyDefaultsPostProcessor : Devtools property defaults active! Set 'spring.devtools.add-properties' to 'false' to disable
2024-09-11T06:42:06.583+05:30  INFO 12944 --- [restartedMain] .e.DevToolsPropertyDefaultsPostProcessor : For additional web related logging consider setting the 'logging.level.web' property to 'DEBUG'
2024-09-11T06:42:08.189+05:30  INFO 12944 --- [restartedMain] .s.d.r.c.RepositoryConfigurationDelegate : Bootstrapping Spring Data JPA repositories in DEFAULT mode.
2024-09-11T06:42:08.417+05:30  INFO 12944 --- [restartedMain] .s.d.r.c.RepositoryConfigurationDelegate : Finished Spring Data repository scanning in 208 ms. Found 9 JPA repository interfaces.
2024-09-11T06:42:09.121+05:30  INFO 12944 --- [restartedMain] trationDelegate$BeanPostProcessorChecker : Bean 'org.springframework.ws.config.annotation.DelegatingWsConfiguration' of type [org.springframework.ws.config.annotation.DelegatingWsConfiguration$$SpringCGLIB$$0] is not eligible for getting processed by all BeanPostProcessors (for example: not eligible for auto-proxying)
2024-09-11T06:42:09.198+05:30  INFO 12944 --- [restartedMain] .w.s.a.s.AnnotationActionEndpointMapping : Supporting [WS-Addressing August 2004, WS-Addressing 1.0]
2024-09-11T06:42:09.948+05:30  INFO 12944 --- [restartedMain] o.s.b.w.embedded.tomcat.TomcatWebServer  : Tomcat initialized with port(s): 8080 (http)
2024-09-11T06:42:09.969+05:30  INFO 12944 --- [restartedMain] o.apache.catalina.core.StandardService   : Starting service [Tomcat]
2024-09-11T06:42:09.970+05:30  INFO 12944 --- [restartedMain] o.apache.catalina.core.StandardEngine    : Starting Servlet engine: [Apache Tomcat/10.1.1]
2024-09-11T06:42:10.107+05:30  INFO 12944 --- [restartedMain] o.a.c.c.C.[Tomcat].[localhost].[/]       : Initializing Spring embedded WebApplicationContext
2024-09-11T06:42:10.108+05:30  INFO 12944 --- [restartedMain] w.s.c.ServletWebServerApplicationContext : Root WebApplicationContext: initialization completed in 3523 ms
2024-09-11T06:42:10.397+05:30  INFO 12944 --- [restartedMain] o.hibernate.jpa.internal.util.LogHelper  : HHH000204: Processing PersistenceUnitInfo [name: default]
2024-09-11T06:42:10.497+05:30  INFO 12944 --- [restartedMain] org.hibernate.Version                    : HHH000412: Hibernate ORM core version 6.1.5.Final
2024-09-11T06:42:10.816+05:30  WARN 12944 --- [restartedMain] org.hibernate.orm.deprecation            : HHH90000021: Encountered deprecated setting [javax.persistence.sharedCache.mode], use [jakarta.persistence.sharedCache.mode] instead
2024-09-11T06:42:11.045+05:30  INFO 12944 --- [restartedMain] com.zaxxer.hikari.HikariDataSource       : HikariPool-1 - Starting...
2024-09-11T06:42:11.551+05:30  INFO 12944 --- [restartedMain] com.zaxxer.hikari.pool.HikariPool        : HikariPool-1 - Added connection com.mysql.cj.jdbc.ConnectionImpl@68d3122b
2024-09-11T06:42:11.554+05:30  INFO 12944 --- [restartedMain] com.zaxxer.hikari.HikariDataSource       : HikariPool-1 - Start completed.
2024-09-11T06:42:11.639+05:30  INFO 12944 --- [restartedMain] SQL dialect                              : HHH000400: Using dialect: org.hibernate.dialect.MySQLDialect
2024-09-11T06:42:13.518+05:30  INFO 12944 --- [restartedMain] o.h.e.t.j.p.i.JtaPlatformInitiator       : HHH000490: Using JtaPlatform implementation: [org.hibernate.engine.transaction.jta.platform.internal.NoJtaPlatform]
2024-09-11T06:42:13.530+05:30  INFO 12944 --- [restartedMain] j.LocalContainerEntityManagerFactoryBean : Initialized JPA EntityManagerFactory for persistence unit 'default'
2024-09-11T06:42:15.032+05:30  WARN 12944 --- [restartedMain] ConfigServletWebServerApplicationContext : Exception encountered during context initialization - cancelling refresh attempt: org.springframework.beans.factory.UnsatisfiedDependencyException: Error creating bean with name 'fileController' defined in file [D:\Intellij\bnb\target\classes\com\airbnb\controller\FileController.class]: Unsatisfied dependency expressed through constructor parameter 2: Error creating bean with name 's3Service' defined in file [D:\Intellij\bnb\target\classes\com\airbnb\service\implementationClass\S3Service.class]: Unsatisfied dependency expressed through constructor parameter 0: Error creating bean with name 's3Client' defined in class path resource [com/airbnb/config/S3Config.class]: Failed to instantiate [software.amazon.awssdk.services.s3.S3Client]: Factory method 's3Client' threw exception with message: Access key ID cannot be blank.
2024-09-11T06:42:15.033+05:30  INFO 12944 --- [restartedMain] j.LocalContainerEntityManagerFactoryBean : Closing JPA EntityManagerFactory for persistence unit 'default'
2024-09-11T06:42:15.039+05:30  INFO 12944 --- [restartedMain] com.zaxxer.hikari.HikariDataSource       : HikariPool-1 - Shutdown initiated...
2024-09-11T06:42:15.053+05:30  INFO 12944 --- [restartedMain] com.zaxxer.hikari.HikariDataSource       : HikariPool-1 - Shutdown completed.
2024-09-11T06:42:15.058+05:30  INFO 12944 --- [restartedMain] o.apache.catalina.core.StandardService   : Stopping service [Tomcat]
2024-09-11T06:42:15.077+05:30  INFO 12944 --- [restartedMain] .s.b.a.l.ConditionEvaluationReportLogger : 

Error starting ApplicationContext. To display the condition evaluation report re-run your application with 'debug' enabled.
2024-09-11T06:42:15.112+05:30 ERROR 12944 --- [restartedMain] o.s.boot.SpringApplication               : Application run failed

org.springframework.beans.factory.UnsatisfiedDependencyException: Error creating bean with name 'fileController' defined in file [D:\Intellij\bnb\target\classes\com\airbnb\controller\FileController.class]: Unsatisfied dependency expressed through constructor parameter 2: Error creating bean with name 's3Service' defined in file [D:\Intellij\bnb\target\classes\com\airbnb\service\implementationClass\S3Service.class]: Unsatisfied dependency expressed through constructor parameter 0: Error creating bean with name 's3Client' defined in class path resource [com/airbnb/config/S3Config.class]: Failed to instantiate [software.amazon.awssdk.services.s3.S3Client]: Factory method 's3Client' threw exception with message: Access key ID cannot be blank.
	at org.springframework.beans.factory.support.ConstructorResolver.createArgumentArray(ConstructorResolver.java:793) ~[spring-beans-6.0.2.jar:6.0.2]
	at org.springframework.beans.factory.support.ConstructorResolver.autowireConstructor(ConstructorResolver.java:242) ~[spring-beans-6.0.2.jar:6.0.2]
	at org.springframework.beans.factory.support.AbstractAutowireCapableBeanFactory.autowireConstructor(AbstractAutowireCapableBeanFactory.java:1344) ~[spring-beans-6.0.2.jar:6.0.2]
	at org.springframework.beans.factory.support.AbstractAutowireCapableBeanFactory.createBeanInstance(AbstractAutowireCapableBeanFactory.java:1188) ~[spring-beans-6.0.2.jar:6.0.2]
	at org.springframework.beans.factory.support.AbstractAutowireCapableBeanFactory.doCreateBean(AbstractAutowireCapableBeanFactory.java:561) ~[spring-beans-6.0.2.jar:6.0.2]
	at org.springframework.beans.factory.support.AbstractAutowireCapableBeanFactory.createBean(AbstractAutowireCapableBeanFactory.java:521) ~[spring-beans-6.0.2.jar:6.0.2]
	at org.springframework.beans.factory.support.AbstractBeanFactory.lambda$doGetBean$0(AbstractBeanFactory.java:326) ~[spring-beans-6.0.2.jar:6.0.2]
	at org.springframework.beans.factory.support.DefaultSingletonBeanRegistry.getSingleton(DefaultSingletonBeanRegistry.java:234) ~[spring-beans-6.0.2.jar:6.0.2]
	at org.springframework.beans.factory.support.AbstractBeanFactory.doGetBean(AbstractBeanFactory.java:324) ~[spring-beans-6.0.2.jar:6.0.2]
	at org.springframework.beans.factory.support.AbstractBeanFactory.getBean(AbstractBeanFactory.java:200) ~[spring-beans-6.0.2.jar:6.0.2]
	at org.springframework.beans.factory.support.DefaultListableBeanFactory.preInstantiateSingletons(DefaultListableBeanFactory.java:961) ~[spring-beans-6.0.2.jar:6.0.2]
	at org.springframework.context.support.AbstractApplicationContext.finishBeanFactoryInitialization(AbstractApplicationContext.java:915) ~[spring-context-6.0.2.jar:6.0.2]
	at org.springframework.context.support.AbstractApplicationContext.refresh(AbstractApplicationContext.java:584) ~[spring-context-6.0.2.jar:6.0.2]
	at org.springframework.boot.web.servlet.context.ServletWebServerApplicationContext.refresh(ServletWebServerApplicationContext.java:146) ~[spring-boot-3.0.0.jar:3.0.0]
	at org.springframework.boot.SpringApplication.refresh(SpringApplication.java:730) ~[spring-boot-3.0.0.jar:3.0.0]
	at org.springframework.boot.SpringApplication.refreshContext(SpringApplication.java:432) ~[spring-boot-3.0.0.jar:3.0.0]
	at org.springframework.boot.SpringApplication.run(SpringApplication.java:308) ~[spring-boot-3.0.0.jar:3.0.0]
	at org.springframework.boot.SpringApplication.run(SpringApplication.java:1302) ~[spring-boot-3.0.0.jar:3.0.0]
	at org.springframework.boot.SpringApplication.run(SpringApplication.java:1291) ~[spring-boot-3.0.0.jar:3.0.0]
	at com.airbnb.BnbApplication.main(BnbApplication.java:10) ~[classes/:na]
	at java.base/jdk.internal.reflect.NativeMethodAccessorImpl.invoke0(Native Method) ~[na:na]
	at java.base/jdk.internal.reflect.NativeMethodAccessorImpl.invoke(NativeMethodAccessorImpl.java:77) ~[na:na]
	at java.base/jdk.internal.reflect.DelegatingMethodAccessorImpl.invoke(DelegatingMethodAccessorImpl.java:43) ~[na:na]
	at java.base/java.lang.reflect.Method.invoke(Method.java:568) ~[na:na]
	at org.springframework.boot.devtools.restart.RestartLauncher.run(RestartLauncher.java:49) ~[spring-boot-devtools-3.0.0.jar:3.0.0]
Caused by: org.springframework.beans.factory.UnsatisfiedDependencyException: Error creating bean with name 's3Service' defined in file [D:\Intellij\bnb\target\classes\com\airbnb\service\implementationClass\S3Service.class]: Unsatisfied dependency expressed through constructor parameter 0: Error creating bean with name 's3Client' defined in class path resource [com/airbnb/config/S3Config.class]: Failed to instantiate [software.amazon.awssdk.services.s3.S3Client]: Factory method 's3Client' threw exception with message: Access key ID cannot be blank.
	at org.springframework.beans.factory.support.ConstructorResolver.createArgumentArray(ConstructorResolver.java:793) ~[spring-beans-6.0.2.jar:6.0.2]
	at org.springframework.beans.factory.support.ConstructorResolver.autowireConstructor(ConstructorResolver.java:242) ~[spring-beans-6.0.2.jar:6.0.2]
	at org.springframework.beans.factory.support.AbstractAutowireCapableBeanFactory.autowireConstructor(AbstractAutowireCapableBeanFactory.java:1344) ~[spring-beans-6.0.2.jar:6.0.2]
	at org.springframework.beans.factory.support.AbstractAutowireCapableBeanFactory.createBeanInstance(AbstractAutowireCapableBeanFactory.java:1188) ~[spring-beans-6.0.2.jar:6.0.2]
	at org.springframework.beans.factory.support.AbstractAutowireCapableBeanFactory.doCreateBean(AbstractAutowireCapableBeanFactory.java:561) ~[spring-beans-6.0.2.jar:6.0.2]
	at org.springframework.beans.factory.support.AbstractAutowireCapableBeanFactory.createBean(AbstractAutowireCapableBeanFactory.java:521) ~[spring-beans-6.0.2.jar:6.0.2]
	at org.springframework.beans.factory.support.AbstractBeanFactory.lambda$doGetBean$0(AbstractBeanFactory.java:326) ~[spring-beans-6.0.2.jar:6.0.2]
	at org.springframework.beans.factory.support.DefaultSingletonBeanRegistry.getSingleton(DefaultSingletonBeanRegistry.java:234) ~[spring-beans-6.0.2.jar:6.0.2]
	at org.springframework.beans.factory.support.AbstractBeanFactory.doGetBean(AbstractBeanFactory.java:324) ~[spring-beans-6.0.2.jar:6.0.2]
	at org.springframework.beans.factory.support.AbstractBeanFactory.getBean(AbstractBeanFactory.java:200) ~[spring-beans-6.0.2.jar:6.0.2]
	at org.springframework.beans.factory.config.DependencyDescriptor.resolveCandidate(DependencyDescriptor.java:254) ~[spring-beans-6.0.2.jar:6.0.2]
	at org.springframework.beans.factory.support.DefaultListableBeanFactory.doResolveDependency(DefaultListableBeanFactory.java:1405) ~[spring-beans-6.0.2.jar:6.0.2]
	at org.springframework.beans.factory.support.DefaultListableBeanFactory.resolveDependency(DefaultListableBeanFactory.java:1325) ~[spring-beans-6.0.2.jar:6.0.2]
	at org.springframework.beans.factory.support.ConstructorResolver.resolveAutowiredArgument(ConstructorResolver.java:880) ~[spring-beans-6.0.2.jar:6.0.2]
	at org.springframework.beans.factory.support.ConstructorResolver.createArgumentArray(ConstructorResolver.java:784) ~[spring-beans-6.0.2.jar:6.0.2]
	... 24 common frames omitted
Caused by: org.springframework.beans.factory.BeanCreationException: Error creating bean with name 's3Client' defined in class path resource [com/airbnb/config/S3Config.class]: Failed to instantiate [software.amazon.awssdk.services.s3.S3Client]: Factory method 's3Client' threw exception with message: Access key ID cannot be blank.
	at org.springframework.beans.factory.support.ConstructorResolver.instantiate(ConstructorResolver.java:652) ~[spring-beans-6.0.2.jar:6.0.2]
	at org.springframework.beans.factory.support.ConstructorResolver.instantiateUsingFactoryMethod(ConstructorResolver.java:488) ~[spring-beans-6.0.2.jar:6.0.2]
	at org.springframework.beans.factory.support.AbstractAutowireCapableBeanFactory.instantiateUsingFactoryMethod(AbstractAutowireCapableBeanFactory.java:1324) ~[spring-beans-6.0.2.jar:6.0.2]
	at org.springframework.beans.factory.support.AbstractAutowireCapableBeanFactory.createBeanInstance(AbstractAutowireCapableBeanFactory.java:1161) ~[spring-beans-6.0.2.jar:6.0.2]
	at org.springframework.beans.factory.support.AbstractAutowireCapableBeanFactory.doCreateBean(AbstractAutowireCapableBeanFactory.java:561) ~[spring-beans-6.0.2.jar:6.0.2]
	at org.springframework.beans.factory.support.AbstractAutowireCapableBeanFactory.createBean(AbstractAutowireCapableBeanFactory.java:521) ~[spring-beans-6.0.2.jar:6.0.2]
	at org.springframework.beans.factory.support.AbstractBeanFactory.lambda$doGetBean$0(AbstractBeanFactory.java:326) ~[spring-beans-6.0.2.jar:6.0.2]
	at org.springframework.beans.factory.support.DefaultSingletonBeanRegistry.getSingleton(DefaultSingletonBeanRegistry.java:234) ~[spring-beans-6.0.2.jar:6.0.2]
	at org.springframework.beans.factory.support.AbstractBeanFactory.doGetBean(AbstractBeanFactory.java:324) ~[spring-beans-6.0.2.jar:6.0.2]
	at org.springframework.beans.factory.support.AbstractBeanFactory.getBean(AbstractBeanFactory.java:200) ~[spring-beans-6.0.2.jar:6.0.2]
	at org.springframework.beans.factory.config.DependencyDescriptor.resolveCandidate(DependencyDescriptor.java:254) ~[spring-beans-6.0.2.jar:6.0.2]
	at org.springframework.beans.factory.support.DefaultListableBeanFactory.doResolveDependency(DefaultListableBeanFactory.java:1405) ~[spring-beans-6.0.2.jar:6.0.2]
	at org.springframework.beans.factory.support.DefaultListableBeanFactory.resolveDependency(DefaultListableBeanFactory.java:1325) ~[spring-beans-6.0.2.jar:6.0.2]
	at org.springframework.beans.factory.support.ConstructorResolver.resolveAutowiredArgument(ConstructorResolver.java:880) ~[spring-beans-6.0.2.jar:6.0.2]
	at org.springframework.beans.factory.support.ConstructorResolver.createArgumentArray(ConstructorResolver.java:784) ~[spring-beans-6.0.2.jar:6.0.2]
	... 38 common frames omitted
Caused by: org.springframework.beans.BeanInstantiationException: Failed to instantiate [software.amazon.awssdk.services.s3.S3Client]: Factory method 's3Client' threw exception with message: Access key ID cannot be blank.
	at org.springframework.beans.factory.support.SimpleInstantiationStrategy.instantiate(SimpleInstantiationStrategy.java:171) ~[spring-beans-6.0.2.jar:6.0.2]
	at org.springframework.beans.factory.support.ConstructorResolver.instantiate(ConstructorResolver.java:648) ~[spring-beans-6.0.2.jar:6.0.2]
	... 52 common frames omitted
Caused by: java.lang.NullPointerException: Access key ID cannot be blank.
	at software.amazon.awssdk.utils.Validate.notNull(Validate.java:119) ~[utils-2.20.100.jar:na]
	at software.amazon.awssdk.auth.credentials.AwsBasicCredentials.<init>(AwsBasicCredentials.java:66) ~[auth-2.20.100.jar:na]
	at software.amazon.awssdk.auth.credentials.AwsBasicCredentials.<init>(AwsBasicCredentials.java:58) ~[auth-2.20.100.jar:na]
	at software.amazon.awssdk.auth.credentials.AwsBasicCredentials.create(AwsBasicCredentials.java:78) ~[auth-2.20.100.jar:na]
	at com.airbnb.config.S3Config.s3Client(S3Config.java:25) ~[classes/:na]
	at com.airbnb.config.S3Config$$SpringCGLIB$$0.CGLIB$s3Client$0(<generated>) ~[classes/:na]
	at com.airbnb.config.S3Config$$SpringCGLIB$$2.invoke(<generated>) ~[classes/:na]
	at org.springframework.cglib.proxy.MethodProxy.invokeSuper(MethodProxy.java:257) ~[spring-core-6.0.2.jar:6.0.2]
	at org.springframework.context.annotation.ConfigurationClassEnhancer$BeanMethodInterceptor.intercept(ConfigurationClassEnhancer.java:331) ~[spring-context-6.0.2.jar:6.0.2]
	at com.airbnb.config.S3Config$$SpringCGLIB$$0.s3Client(<generated>) ~[classes/:na]
	at java.base/jdk.internal.reflect.NativeMethodAccessorImpl.invoke0(Native Method) ~[na:na]
	at java.base/jdk.internal.reflect.NativeMethodAccessorImpl.invoke(NativeMethodAccessorImpl.java:77) ~[na:na]
	at java.base/jdk.internal.reflect.DelegatingMethodAccessorImpl.invoke(DelegatingMethodAccessorImpl.java:43) ~[na:na]
	at java.base/java.lang.reflect.Method.invoke(Method.java:568) ~[na:na]
	at org.springframework.beans.factory.support.SimpleInstantiationStrategy.instantiate(SimpleInstantiationStrategy.java:139) ~[spring-beans-6.0.2.jar:6.0.2]
	... 53 common frames omitted

